[1204/081737.267:ERROR:viz_main_impl.cc(170)] Exiting GPU process due to errors during initialization
[1204/081737.418:WARNING:gpu_process_host.cc(1205)] The GPU process has crashed 1 time(s)
[1204/081737.803:ERROR:viz_main_impl.cc(170)] Exiting GPU process due to errors during initialization
[1204/081737.815:WARNING:gpu_process_host.cc(1205)] The GPU process has crashed 2 time(s)
[1204/093149.146:WARNING:dns_config_service_win.cc(672)] Failed to read DnsConfig.
[1204/093931.202:INFO:CONSOLE(52)] "Uncaught SyntaxError: missing ) after argument list", source: file:///C:/Users/Colette/Documents/Pets%20and%20Plants%20Tracker%20App/Pets%20and%20Plant%20Tracker/feedingtracker.html (52)
[1204/093943.212:INFO:CONSOLE(52)] "Uncaught SyntaxError: missing ) after argument list", source: file:///C:/Users/Colette/Documents/Pets%20and%20Plants%20Tracker%20App/Pets%20and%20Plant%20Tracker/feedingtracker.html (52)
[1204/093948.579:INFO:CONSOLE(52)] "Uncaught SyntaxError: missing ) after argument list", source: file:///C:/Users/Colette/Documents/Pets%20and%20Plants%20Tracker%20App/Pets%20and%20Plant%20Tracker/feedingtracker.html (52)
[1204/093949.942:INFO:CONSOLE(52)] "Uncaught SyntaxError: missing ) after argument list", source: file:///C:/Users/Colette/Documents/Pets%20and%20Plants%20Tracker%20App/Pets%20and%20Plant%20Tracker/feedingtracker.html (52)
[1204/093958.976:INFO:CONSOLE(52)] "Uncaught SyntaxError: missing ) after argument list", source: file:///C:/Users/Colette/Documents/Pets%20and%20Plants%20Tracker%20App/Pets%20and%20Plant%20Tracker/feedingtracker.html (52)
[1204/094000.154:INFO:CONSOLE(52)] "Uncaught SyntaxError: missing ) after argument list", source: file:///C:/Users/Colette/Documents/Pets%20and%20Plants%20Tracker%20App/Pets%20and%20Plant%20Tracker/feedingtracker.html (52)
[1204/094001.249:INFO:CONSOLE(52)] "Uncaught SyntaxError: missing ) after argument list", source: file:///C:/Users/Colette/Documents/Pets%20and%20Plants%20Tracker%20App/Pets%20and%20Plant%20Tracker/feedingtracker.html (52)
[1204/094001.528:INFO:CONSOLE(52)] "Uncaught SyntaxError: missing ) after argument list", source: file:///C:/Users/Colette/Documents/Pets%20and%20Plants%20Tracker%20App/Pets%20and%20Plant%20Tracker/feedingtracker.html (52)
[1204/094002.221:INFO:CONSOLE(52)] "Uncaught SyntaxError: missing ) after argument list", source: file:///C:/Users/Colette/Documents/Pets%20and%20Plants%20Tracker%20App/Pets%20and%20Plant%20Tracker/feedingtracker.html (52)
[1204/094002.922:INFO:CONSOLE(52)] "Uncaught SyntaxError: missing ) after argument list", source: file:///C:/Users/Colette/Documents/Pets%20and%20Plants%20Tracker%20App/Pets%20and%20Plant%20Tracker/feedingtracker.html (52)
[1204/094005.518:INFO:CONSOLE(52)] "Uncaught SyntaxError: missing ) after argument list", source: file:///C:/Users/Colette/Documents/Pets%20and%20Plants%20Tracker%20App/Pets%20and%20Plant%20Tracker/feedingtracker.html (52)
[1204/094009.584:INFO:CONSOLE(52)] "Uncaught SyntaxError: missing ) after argument list", source: file:///C:/Users/Colette/Documents/Pets%20and%20Plants%20Tracker%20App/Pets%20and%20Plant%20Tracker/feedingtracker.html (52)
[1204/094009.714:INFO:CONSOLE(52)] "Uncaught SyntaxError: missing ) after argument list", source: file:///C:/Users/Colette/Documents/Pets%20and%20Plants%20Tracker%20App/Pets%20and%20Plant%20Tracker/feedingtracker.html (52)
[1204/094207.872:INFO:CONSOLE(52)] "Uncaught SyntaxError: missing ) after argument list", source: file:///C:/Users/Colette/Documents/Pets%20and%20Plants%20Tracker%20App/Pets%20and%20Plant%20Tracker/feedingtracker.html (52)
[1204/094208.017:INFO:CONSOLE(52)] "Uncaught SyntaxError: missing ) after argument list", source: file:///C:/Users/Colette/Documents/Pets%20and%20Plants%20Tracker%20App/Pets%20and%20Plant%20Tracker/feedingtracker.html (52)
[1204/094212.549:INFO:CONSOLE(49)] "Uncaught TypeError: $(...).mobiscroll is not a function", source: file:///C:/Users/Colette/Documents/Pets%20and%20Plants%20Tracker%20App/Pets%20and%20Plant%20Tracker/feedingtracker.html (49)
[1204/094214.404:INFO:CONSOLE(49)] "Uncaught TypeError: $(...).mobiscroll is not a function", source: file:///C:/Users/Colette/Documents/Pets%20and%20Plants%20Tracker%20App/Pets%20and%20Plant%20Tracker/feedingtracker.html (49)
[1204/094214.560:INFO:CONSOLE(49)] "Uncaught TypeError: $(...).mobiscroll is not a function", source: file:///C:/Users/Colette/Documents/Pets%20and%20Plants%20Tracker%20App/Pets%20and%20Plant%20Tracker/feedingtracker.html (49)
[1204/094246.850:INFO:CONSOLE(49)] "Uncaught TypeError: $(...).mobiscroll is not a function", source: file:///C:/Users/Colette/Documents/Pets%20and%20Plants%20Tracker%20App/Pets%20and%20Plant%20Tracker/feedingtracker.html (49)
[1204/094247.047:INFO:CONSOLE(49)] "Uncaught TypeError: $(...).mobiscroll is not a function", source: file:///C:/Users/Colette/Documents/Pets%20and%20Plants%20Tracker%20App/Pets%20and%20Plant%20Tracker/feedingtracker.html (49)
[1204/094252.731:INFO:CONSOLE(49)] "Uncaught TypeError: $(...).mobiscroll is not a function", source: file:///C:/Users/Colette/Documents/Pets%20and%20Plants%20Tracker%20App/Pets%20and%20Plant%20Tracker/feedingtracker.html (49)
[1204/094255.027:INFO:CONSOLE(49)] "Uncaught TypeError: $(...).mobiscroll is not a function", source: file:///C:/Users/Colette/Documents/Pets%20and%20Plants%20Tracker%20App/Pets%20and%20Plant%20Tracker/feedingtracker.html (49)
[1204/094255.148:INFO:CONSOLE(49)] "Uncaught TypeError: $(...).mobiscroll is not a function", source: file:///C:/Users/Colette/Documents/Pets%20and%20Plants%20Tracker%20App/Pets%20and%20Plant%20Tracker/feedingtracker.html (49)
[1204/094259.576:INFO:CONSOLE(49)] "Uncaught TypeError: $(...).mobiscroll is not a function", source: file:///C:/Users/Colette/Documents/Pets%20and%20Plants%20Tracker%20App/Pets%20and%20Plant%20Tracker/feedingtracker.html (49)
[1204/094259.719:INFO:CONSOLE(49)] "Uncaught TypeError: $(...).mobiscroll is not a function", source: file:///C:/Users/Colette/Documents/Pets%20and%20Plants%20Tracker%20App/Pets%20and%20Plant%20Tracker/feedingtracker.html (49)
[1204/094304.498:INFO:CONSOLE(49)] "Uncaught TypeError: $(...).mobiscroll is not a function", source: file:///C:/Users/Colette/Documents/Pets%20and%20Plants%20Tracker%20App/Pets%20and%20Plant%20Tracker/feedingtracker.html (49)
[1204/094305.596:INFO:CONSOLE(49)] "Uncaught TypeError: $(...).mobiscroll is not a function", source: file:///C:/Users/Colette/Documents/Pets%20and%20Plants%20Tracker%20App/Pets%20and%20Plant%20Tracker/feedingtracker.html (49)
[1204/094323.847:INFO:CONSOLE(49)] "Uncaught TypeError: $(...).mobiscroll is not a function", source: file:///C:/Users/Colette/Documents/Pets%20and%20Plants%20Tracker%20App/Pets%20and%20Plant%20Tracker/feedingtracker.html (49)
[1204/094323.955:INFO:CONSOLE(49)] "Uncaught TypeError: $(...).mobiscroll is not a function", source: file:///C:/Users/Colette/Documents/Pets%20and%20Plants%20Tracker%20App/Pets%20and%20Plant%20Tracker/feedingtracker.html (49)
[1204/094337.277:INFO:CONSOLE(49)] "Uncaught TypeError: $(...).mobiscroll is not a function", source: file:///C:/Users/Colette/Documents/Pets%20and%20Plants%20Tracker%20App/Pets%20and%20Plant%20Tracker/feedingtracker.html (49)
[1204/094337.479:INFO:CONSOLE(49)] "Uncaught TypeError: $(...).mobiscroll is not a function", source: file:///C:/Users/Colette/Documents/Pets%20and%20Plants%20Tracker%20App/Pets%20and%20Plant%20Tracker/feedingtracker.html (49)
[1204/094342.418:INFO:CONSOLE(49)] "Uncaught TypeError: $(...).mobiscroll is not a function", source: file:///C:/Users/Colette/Documents/Pets%20and%20Plants%20Tracker%20App/Pets%20and%20Plant%20Tracker/feedingtracker.html (49)
[1204/094343.671:INFO:CONSOLE(49)] "Uncaught TypeError: $(...).mobiscroll is not a function", source: file:///C:/Users/Colette/Documents/Pets%20and%20Plants%20Tracker%20App/Pets%20and%20Plant%20Tracker/feedingtracker.html (49)
[1204/094343.812:INFO:CONSOLE(49)] "Uncaught TypeError: $(...).mobiscroll is not a function", source: file:///C:/Users/Colette/Documents/Pets%20and%20Plants%20Tracker%20App/Pets%20and%20Plant%20Tracker/feedingtracker.html (49)
[1204/094347.753:INFO:CONSOLE(49)] "Uncaught TypeError: $(...).mobiscroll is not a function", source: file:///C:/Users/Colette/Documents/Pets%20and%20Plants%20Tracker%20App/Pets%20and%20Plant%20Tracker/feedingtracker.html (49)
[1204/094347.935:INFO:CONSOLE(49)] "Uncaught TypeError: $(...).mobiscroll is not a function", source: file:///C:/Users/Colette/Documents/Pets%20and%20Plants%20Tracker%20App/Pets%20and%20Plant%20Tracker/feedingtracker.html (49)
[1204/094352.409:INFO:CONSOLE(49)] "Uncaught TypeError: $(...).mobiscroll is not a function", source: file:///C:/Users/Colette/Documents/Pets%20and%20Plants%20Tracker%20App/Pets%20and%20Plant%20Tracker/feedingtracker.html (49)
[1204/094353.124:INFO:CONSOLE(49)] "Uncaught TypeError: $(...).mobiscroll is not a function", source: file:///C:/Users/Colette/Documents/Pets%20and%20Plants%20Tracker%20App/Pets%20and%20Plant%20Tracker/feedingtracker.html (49)
[1204/094409.332:INFO:CONSOLE(49)] "Uncaught TypeError: $(...).mobiscroll is not a function", source: file:///C:/Users/Colette/Documents/Pets%20and%20Plants%20Tracker%20App/Pets%20and%20Plant%20Tracker/feedingtracker.html (49)
[1204/094412.534:INFO:CONSOLE(49)] "Uncaught TypeError: $(...).mobiscroll is not a function", source: file:///C:/Users/Colette/Documents/Pets%20and%20Plants%20Tracker%20App/Pets%20and%20Plant%20Tracker/feedingtracker.html (49)
[1204/094412.675:INFO:CONSOLE(49)] "Uncaught TypeError: $(...).mobiscroll is not a function", source: file:///C:/Users/Colette/Documents/Pets%20and%20Plants%20Tracker%20App/Pets%20and%20Plant%20Tracker/feedingtracker.html (49)
[1204/094541.584:INFO:CONSOLE(49)] "Uncaught TypeError: $(...).mobiscroll is not a function", source: file:///C:/Users/Colette/Documents/Pets%20and%20Plants%20Tracker%20App/Pets%20and%20Plant%20Tracker/feedingtracker.html (49)
[1204/094541.714:INFO:CONSOLE(49)] "Uncaught TypeError: $(...).mobiscroll is not a function", source: file:///C:/Users/Colette/Documents/Pets%20and%20Plants%20Tracker%20App/Pets%20and%20Plant%20Tracker/feedingtracker.html (49)
[1204/094544.639:INFO:CONSOLE(49)] "Uncaught TypeError: $(...).mobiscroll is not a function", source: file:///C:/Users/Colette/Documents/Pets%20and%20Plants%20Tracker%20App/Pets%20and%20Plant%20Tracker/feedingtracker.html (49)
[1204/094545.506:INFO:CONSOLE(49)] "Uncaught TypeError: $(...).mobiscroll is not a function", source: file:///C:/Users/Colette/Documents/Pets%20and%20Plants%20Tracker%20App/Pets%20and%20Plant%20Tracker/feedingtracker.html (49)
[1204/094545.907:INFO:CONSOLE(49)] "Uncaught TypeError: $(...).mobiscroll is not a function", source: file:///C:/Users/Colette/Documents/Pets%20and%20Plants%20Tracker%20App/Pets%20and%20Plant%20Tracker/feedingtracker.html (49)
[1204/094546.547:INFO:CONSOLE(57)] "Uncaught SyntaxError: Unexpected token :", source: file:///C:/Users/Colette/Documents/Pets%20and%20Plants%20Tracker%20App/Pets%20and%20Plant%20Tracker/feedingtracker.html (57)
[1204/094552.056:INFO:CONSOLE(57)] "Uncaught SyntaxError: Unexpected token :", source: file:///C:/Users/Colette/Documents/Pets%20and%20Plants%20Tracker%20App/Pets%20and%20Plant%20Tracker/feedingtracker.html (57)
[1204/094554.667:INFO:CONSOLE(57)] "Uncaught SyntaxError: Unexpected token :", source: file:///C:/Users/Colette/Documents/Pets%20and%20Plants%20Tracker%20App/Pets%20and%20Plant%20Tracker/feedingtracker.html (57)
[1204/094559.268:INFO:CONSOLE(57)] "Uncaught SyntaxError: Unexpected token :", source: file:///C:/Users/Colette/Documents/Pets%20and%20Plants%20Tracker%20App/Pets%20and%20Plant%20Tracker/feedingtracker.html (57)
[1204/094607.638:INFO:CONSOLE(47)] "Uncaught SyntaxError: Invalid or unexpected token", source: file:///C:/Users/Colette/Documents/Pets%20and%20Plants%20Tracker%20App/Pets%20and%20Plant%20Tracker/wateringtracker.html (47)
[1204/094609.140:INFO:CONSOLE(47)] "Uncaught SyntaxError: Invalid or unexpected token", source: file:///C:/Users/Colette/Documents/Pets%20and%20Plants%20Tracker%20App/Pets%20and%20Plant%20Tracker/wateringtracker.html (47)
[1204/094610.876:INFO:CONSOLE(58)] "Uncaught SyntaxError: Unexpected token :", source: file:///C:/Users/Colette/Documents/Pets%20and%20Plants%20Tracker%20App/Pets%20and%20Plant%20Tracker/wateringtracker.html (58)
[1204/094614.265:INFO:CONSOLE(57)] "Uncaught SyntaxError: Unexpected token :", source: file:///C:/Users/Colette/Documents/Pets%20and%20Plants%20Tracker%20App/Pets%20and%20Plant%20Tracker/feedingtracker.html (57)
[1204/094621.765:INFO:CONSOLE(58)] "Uncaught SyntaxError: Unexpected token :", source: file:///C:/Users/Colette/Documents/Pets%20and%20Plants%20Tracker%20App/Pets%20and%20Plant%20Tracker/wateringtracker.html (58)
[1204/094631.267:INFO:CONSOLE(58)] "Uncaught SyntaxError: Unexpected token :", source: file:///C:/Users/Colette/Documents/Pets%20and%20Plants%20Tracker%20App/Pets%20and%20Plant%20Tracker/wateringtracker.html (58)
[1204/094632.143:INFO:CONSOLE(58)] "Uncaught SyntaxError: Unexpected token :", source: file:///C:/Users/Colette/Documents/Pets%20and%20Plants%20Tracker%20App/Pets%20and%20Plant%20Tracker/wateringtracker.html (58)
[1204/094637.400:INFO:CONSOLE(58)] "Uncaught SyntaxError: Unexpected token :", source: file:///C:/Users/Colette/Documents/Pets%20and%20Plants%20Tracker%20App/Pets%20and%20Plant%20Tracker/wateringtracker.html (58)
[1204/094637.597:INFO:CONSOLE(58)] "Uncaught SyntaxError: Unexpected token :", source: file:///C:/Users/Colette/Documents/Pets%20and%20Plants%20Tracker%20App/Pets%20and%20Plant%20Tracker/wateringtracker.html (58)
[1204/094937.104:INFO:CONSOLE(58)] "Uncaught SyntaxError: Unexpected token :", source: file:///C:/Users/Colette/Documents/Pets%20and%20Plants%20Tracker%20App/Pets%20and%20Plant%20Tracker/wateringtracker.html (58)
[1204/094937.448:INFO:CONSOLE(342)] "Uncaught gapi.auth2.ExternallyVisibleError: Missing required parameter 'client_id'", source: https://apis.google.com/_/scs/apps-static/_/js/k=oz.gapi.en_US.sazTpAB7NWc.O/m=signin2/rt=j/sv=1/d=1/ed=1/am=wQE/rs=AGLTcCMGRnMhese6OTxesnN0rDvhruAGIg/cb=gapi.loaded_0 (342)
[1204/095032.152:INFO:CONSOLE(342)] "Uncaught gapi.auth2.ExternallyVisibleError: Missing required parameter 'client_id'", source: https://apis.google.com/_/scs/apps-static/_/js/k=oz.gapi.en_US.sazTpAB7NWc.O/m=signin2/rt=j/sv=1/d=1/ed=1/am=wQE/rs=AGLTcCMGRnMhese6OTxesnN0rDvhruAGIg/cb=gapi.loaded_0 (342)
[1204/095032.307:INFO:CONSOLE(342)] "Uncaught gapi.auth2.ExternallyVisibleError: Missing required parameter 'client_id'", source: https://apis.google.com/_/scs/apps-static/_/js/k=oz.gapi.en_US.sazTpAB7NWc.O/m=signin2/rt=j/sv=1/d=1/ed=1/am=wQE/rs=AGLTcCMGRnMhese6OTxesnN0rDvhruAGIg/cb=gapi.loaded_0 (342)
[1204/095126.132:INFO:CONSOLE(342)] "Uncaught gapi.auth2.ExternallyVisibleError: Missing required parameter 'client_id'", source: https://apis.google.com/_/scs/apps-static/_/js/k=oz.gapi.en_US.sazTpAB7NWc.O/m=signin2/rt=j/sv=1/d=1/ed=1/am=wQE/rs=AGLTcCMGRnMhese6OTxesnN0rDvhruAGIg/cb=gapi.loaded_0 (342)
[1204/095126.304:INFO:CONSOLE(342)] "Uncaught gapi.auth2.ExternallyVisibleError: Missing required parameter 'client_id'", source: https://apis.google.com/_/scs/apps-static/_/js/k=oz.gapi.en_US.sazTpAB7NWc.O/m=signin2/rt=j/sv=1/d=1/ed=1/am=wQE/rs=AGLTcCMGRnMhese6OTxesnN0rDvhruAGIg/cb=gapi.loaded_0 (342)
[1204/095127.972:INFO:CONSOLE(342)] "Uncaught gapi.auth2.ExternallyVisibleError: Missing required parameter 'client_id'", source: https://apis.google.com/_/scs/apps-static/_/js/k=oz.gapi.en_US.sazTpAB7NWc.O/m=signin2/rt=j/sv=1/d=1/ed=1/am=wQE/rs=AGLTcCMGRnMhese6OTxesnN0rDvhruAGIg/cb=gapi.loaded_0 (342)
[1204/095128.103:INFO:CONSOLE(342)] "Uncaught gapi.auth2.ExternallyVisibleError: Missing required parameter 'client_id'", source: https://apis.google.com/_/scs/apps-static/_/js/k=oz.gapi.en_US.sazTpAB7NWc.O/m=signin2/rt=j/sv=1/d=1/ed=1/am=wQE/rs=AGLTcCMGRnMhese6OTxesnN0rDvhruAGIg/cb=gapi.loaded_0 (342)
[1204/095330.640:INFO:CONSOLE(342)] "Uncaught gapi.auth2.ExternallyVisibleError: Missing required parameter 'client_id'", source: https://apis.google.com/_/scs/apps-static/_/js/k=oz.gapi.en_US.sazTpAB7NWc.O/m=signin2/rt=j/sv=1/d=1/ed=1/am=wQE/rs=AGLTcCMGRnMhese6OTxesnN0rDvhruAGIg/cb=gapi.loaded_0 (342)
[1204/095330.757:INFO:CONSOLE(342)] "Uncaught gapi.auth2.ExternallyVisibleError: Missing required parameter 'client_id'", source: https://apis.google.com/_/scs/apps-static/_/js/k=oz.gapi.en_US.sazTpAB7NWc.O/m=signin2/rt=j/sv=1/d=1/ed=1/am=wQE/rs=AGLTcCMGRnMhese6OTxesnN0rDvhruAGIg/cb=gapi.loaded_0 (342)
[1204/095351.500:INFO:CONSOLE(342)] "Uncaught gapi.auth2.ExternallyVisibleError: Missing required parameter 'client_id'", source: https://apis.google.com/_/scs/apps-static/_/js/k=oz.gapi.en_US.sazTpAB7NWc.O/m=signin2/rt=j/sv=1/d=1/ed=1/am=wQE/rs=AGLTcCMGRnMhese6OTxesnN0rDvhruAGIg/cb=gapi.loaded_0 (342)
[1204/095351.579:INFO:CONSOLE(342)] "Uncaught gapi.auth2.ExternallyVisibleError: Missing required parameter 'client_id'", source: https://apis.google.com/_/scs/apps-static/_/js/k=oz.gapi.en_US.sazTpAB7NWc.O/m=signin2/rt=j/sv=1/d=1/ed=1/am=wQE/rs=AGLTcCMGRnMhese6OTxesnN0rDvhruAGIg/cb=gapi.loaded_0 (342)
[1204/095437.258:INFO:CONSOLE(342)] "Uncaught gapi.auth2.ExternallyVisibleError: Missing required parameter 'client_id'", source: https://apis.google.com/_/scs/apps-static/_/js/k=oz.gapi.en_US.sazTpAB7NWc.O/m=signin2/rt=j/sv=1/d=1/ed=1/am=wQE/rs=AGLTcCMGRnMhese6OTxesnN0rDvhruAGIg/cb=gapi.loaded_0 (342)
[1204/095644.351:INFO:CONSOLE(342)] "Uncaught gapi.auth2.ExternallyVisibleError: Missing required parameter 'client_id'", source: https://apis.google.com/_/scs/apps-static/_/js/k=oz.gapi.en_US.sazTpAB7NWc.O/m=signin2/rt=j/sv=1/d=1/ed=1/am=wQE/rs=AGLTcCMGRnMhese6OTxesnN0rDvhruAGIg/cb=gapi.loaded_0 (342)
[1204/095651.539:INFO:CONSOLE(342)] "Uncaught gapi.auth2.ExternallyVisibleError: Missing required parameter 'client_id'", source: https://apis.google.com/_/scs/apps-static/_/js/k=oz.gapi.en_US.sazTpAB7NWc.O/m=signin2/rt=j/sv=1/d=1/ed=1/am=wQE/rs=AGLTcCMGRnMhese6OTxesnN0rDvhruAGIg/cb=gapi.loaded_0 (342)
[1204/095651.670:INFO:CONSOLE(342)] "Uncaught gapi.auth2.ExternallyVisibleError: Missing required parameter 'client_id'", source: https://apis.google.com/_/scs/apps-static/_/js/k=oz.gapi.en_US.sazTpAB7NWc.O/m=signin2/rt=j/sv=1/d=1/ed=1/am=wQE/rs=AGLTcCMGRnMhese6OTxesnN0rDvhruAGIg/cb=gapi.loaded_0 (342)
[1204/095723.642:INFO:CONSOLE(342)] "Uncaught gapi.auth2.ExternallyVisibleError: Missing required parameter 'client_id'", source: https://apis.google.com/_/scs/apps-static/_/js/k=oz.gapi.en_US.sazTpAB7NWc.O/m=signin2/rt=j/sv=1/d=1/ed=1/am=wQE/rs=AGLTcCMGRnMhese6OTxesnN0rDvhruAGIg/cb=gapi.loaded_0 (342)
[1204/095823.740:INFO:CONSOLE(57)] "Uncaught SyntaxError: Unexpected token :", source: file:///C:/Users/Colette/Documents/Pets%20and%20Plants%20Tracker%20App/Pets%20and%20Plant%20Tracker/feedingtracker.html (57)
[1204/095918.779:INFO:CONSOLE(58)] "Uncaught SyntaxError: Unexpected token :", source: file:///C:/Users/Colette/Documents/Pets%20and%20Plants%20Tracker%20App/Pets%20and%20Plant%20Tracker/wateringtracker.html (58)
